<?xml version="1.0" encoding="UTF-8" standalone="no"?>
<!DOCTYPE log SYSTEM "logger.dtd">
<log>
<record>
  <date>2019-08-26T16:18:35.473-0300</date>
  <logger>NATHAN ANDRADE HENRIQUES</logger>
  <level>FINE</level>
  <message>File 118110494-NATHAN ANDRADE HENRIQUES.zip was received. It was sent by NATHAN ANDRADE HENRIQUES from IP 150.165.42.170 at 26-08-2019 16*18*35</message>
</record>
</log>
<?xml version="1.0" encoding="UTF-8" standalone="no"?>
<!DOCTYPE log SYSTEM "logger.dtd">
<log>
<record>
  <date>2019-08-26T17:02:22.753-0300</date>
  <logger>NATHAN ANDRADE HENRIQUES</logger>
  <level>FINE</level>
  <message>File 118110494-NATHAN ANDRADE HENRIQUES.zip was received. It was sent by NATHAN ANDRADE HENRIQUES from IP 150.165.42.170 at 26-08-2019 17*02*22</message>
</record>
</log>
<?xml version="1.0" encoding="UTF-8" standalone="no"?>
<!DOCTYPE log SYSTEM "logger.dtd">
<log>
<record>
  <date>2019-08-26T22:37:24.929-0300</date>
  <logger>NATHAN ANDRADE HENRIQUES</logger>
  <level>FINE</level>
  <message>File 118110494-NATHAN ANDRADE HENRIQUES.zip was received. It was sent by NATHAN ANDRADE HENRIQUES from IP 192.168.15.9 at 26-08-2019 22*37*24</message>
</record>
</log>
<?xml version="1.0" encoding="UTF-8" standalone="no"?>
<!DOCTYPE log SYSTEM "logger.dtd">
<log>
<record>
  <date>2019-08-26T23:15:07.222-0300</date>
  <logger>NATHAN ANDRADE HENRIQUES</logger>
  <level>FINE</level>
  <message>File 118110494-NATHAN ANDRADE HENRIQUES.zip was received. It was sent by NATHAN ANDRADE HENRIQUES from IP 192.168.15.9 at 26-08-2019 23*15*07</message>
</record>
